2015-11-10 15:26:56 10fc InnoDB: Warning: Using innodb_additional_mem_pool_size is DEPRECATED. This option may be removed in future releases, together with the option innodb_use_sys_malloc and with the InnoDB's internal memory allocator.
2015-11-10 15:26:56 4348 [Note] InnoDB: Using mutexes to ref count buffer pool pages
2015-11-10 15:26:56 4348 [Note] InnoDB: The InnoDB memory heap is disabled
2015-11-10 15:26:56 4348 [Note] InnoDB: Mutexes and rw_locks use Windows interlocked functions
2015-11-10 15:26:56 4348 [Note] InnoDB: Memory barrier is not used
2015-11-10 15:26:56 4348 [Note] InnoDB: Compressed tables use zlib 1.2.3
2015-11-10 15:26:56 4348 [Note] InnoDB: Not using CPU crc32 instructions
2015-11-10 15:26:56 4348 [Note] InnoDB: Initializing buffer pool, size = 16.0M
2015-11-10 15:26:56 4348 [Note] InnoDB: Completed initialization of buffer pool
2015-11-10 15:26:56 4348 [Note] InnoDB: Highest supported file format is Barracuda.
2015-11-10 15:26:57 4348 [Note] InnoDB: 128 rollback segment(s) are active.
2015-11-10 15:26:57 4348 [Note] InnoDB: Waiting for purge to start
2015-11-10 15:26:57 4348 [Note] InnoDB:  Percona XtraDB (http://www.percona.com) 5.6.26-74.0 started; log sequence number 1835027
2015-11-10 15:26:57 6140 [Note] InnoDB: Dumping buffer pool(s) not yet started
2015-11-10 15:26:57 4348 [Note] Plugin 'FEEDBACK' is disabled.
2015-11-10 15:26:57 4348 [Note] Server socket created on IP: '::'.
2015-11-10 15:26:57 4348 [Note] Event Scheduler: Loaded 0 events
2015-11-10 15:26:57 4348 [Note] C:\xampp\mysql\bin\mysqld.exe: ready for connections.
Version: '10.1.8-MariaDB'  socket: ''  port: 3306  mariadb.org binary distribution
2015-11-10 15:27:11 5152 [Note] C:\xampp\mysql\bin\mysqld.exe: Normal shutdown

2015-11-10 15:27:11 5152 [Note] Event Scheduler: Purging the queue. 0 events
2015-11-10 15:27:11 5732 [Note] InnoDB: FTS optimize thread exiting.
2015-11-10 15:27:11 5152 [Note] InnoDB: Starting shutdown...
2015-11-10 15:27:13 5152 [Note] InnoDB: Shutdown completed; log sequence number 1835037
2015-11-10 15:27:13 5152 [Note] C:\xampp\mysql\bin\mysqld.exe: Shutdown complete

2018-08-07 21:58:01 1fc4 InnoDB: Warning: Using innodb_additional_mem_pool_size is DEPRECATED. This option may be removed in future releases, together with the option innodb_use_sys_malloc and with the InnoDB's internal memory allocator.
2018-08-07 21:58:01 8132 [Note] InnoDB: innodb_empty_free_list_algorithm has been changed to legacy because of small buffer pool size. In order to use backoff, increase buffer pool at least up to 20MB.

2018-08-07 21:58:01 8132 [Note] InnoDB: Using mutexes to ref count buffer pool pages
2018-08-07 21:58:01 8132 [Note] InnoDB: The InnoDB memory heap is disabled
2018-08-07 21:58:01 8132 [Note] InnoDB: Mutexes and rw_locks use Windows interlocked functions
2018-08-07 21:58:01 8132 [Note] InnoDB: _mm_lfence() and _mm_sfence() are used for memory barrier
2018-08-07 21:58:01 8132 [Note] InnoDB: Compressed tables use zlib 1.2.3
2018-08-07 21:58:01 8132 [Note] InnoDB: Using generic crc32 instructions
2018-08-07 21:58:01 8132 [Note] InnoDB: Initializing buffer pool, size = 16.0M
2018-08-07 21:58:01 8132 [Note] InnoDB: Completed initialization of buffer pool
2018-08-07 21:58:01 8132 [Note] InnoDB: Highest supported file format is Barracuda.
2018-08-07 21:58:01 8132 [Note] InnoDB: 128 rollback segment(s) are active.
2018-08-07 21:58:01 8132 [Note] InnoDB: Waiting for purge to start
2018-08-07 21:58:01 8132 [Note] InnoDB:  Percona XtraDB (http://www.percona.com) 5.6.39-83.1 started; log sequence number 1835037
2018-08-07 21:58:01 17908 [Note] InnoDB: Dumping buffer pool(s) not yet started
2018-08-07 21:58:01 8132 [Note] Plugin 'FEEDBACK' is disabled.
2018-08-07 21:58:01 8132 [Note] Server socket created on IP: '::'.
2018-08-07 21:58:01 8132 [Note] d:\xampp\mysql\bin\mysqld.exe: ready for connections.
Version: '10.1.34-MariaDB'  socket: ''  port: 3306  mariadb.org binary distribution
2018-08-07 22:06:15 19208 [ERROR] Incorrect definition of table mysql.column_stats: expected column 'min_value' at position 3 to have type varbinary(255), found type varchar(255).
2018-08-07 22:06:15 19208 [ERROR] Incorrect definition of table mysql.column_stats: expected column 'max_value' at position 4 to have type varbinary(255), found type varchar(255).
2018-08-07 22:49:10 22756 [ERROR] Incorrect definition of table mysql.column_stats: expected column 'min_value' at position 3 to have type varbinary(255), found type varchar(255).
2018-08-07 22:49:10 22756 [ERROR] Incorrect definition of table mysql.column_stats: expected column 'max_value' at position 4 to have type varbinary(255), found type varchar(255).
2018-08-08 20:25:37 77c0 InnoDB: Warning: Using innodb_additional_mem_pool_size is DEPRECATED. This option may be removed in future releases, together with the option innodb_use_sys_malloc and with the InnoDB's internal memory allocator.
2018-08-08 20:25:37 30656 [Note] InnoDB: innodb_empty_free_list_algorithm has been changed to legacy because of small buffer pool size. In order to use backoff, increase buffer pool at least up to 20MB.

2018-08-08 20:25:37 30656 [Note] InnoDB: Using mutexes to ref count buffer pool pages
2018-08-08 20:25:37 30656 [Note] InnoDB: The InnoDB memory heap is disabled
2018-08-08 20:25:37 30656 [Note] InnoDB: Mutexes and rw_locks use Windows interlocked functions
2018-08-08 20:25:37 30656 [Note] InnoDB: _mm_lfence() and _mm_sfence() are used for memory barrier
2018-08-08 20:25:37 30656 [Note] InnoDB: Compressed tables use zlib 1.2.3
2018-08-08 20:25:37 30656 [Note] InnoDB: Using generic crc32 instructions
2018-08-08 20:25:37 30656 [Note] InnoDB: Initializing buffer pool, size = 16.0M
2018-08-08 20:25:37 30656 [Note] InnoDB: Completed initialization of buffer pool
2018-08-08 20:25:37 30656 [Note] InnoDB: Highest supported file format is Barracuda.
2018-08-08 20:25:37 30656 [Note] InnoDB: The log sequence number 1835037 in ibdata file do not match the log sequence number 1869002 in the ib_logfiles!
2018-08-08 20:25:37 30656 [Note] InnoDB: Restoring possible half-written data pages from the doublewrite buffer...
2018-08-08 20:25:37 30656 [Note] InnoDB: 128 rollback segment(s) are active.
2018-08-08 20:25:37 30656 [Note] InnoDB: Waiting for purge to start
2018-08-08 20:25:37 30656 [Note] InnoDB:  Percona XtraDB (http://www.percona.com) 5.6.39-83.1 started; log sequence number 1869002
2018-08-08 20:25:37 16160 [Note] InnoDB: Dumping buffer pool(s) not yet started
2018-08-08 20:25:37 30656 [Note] Plugin 'FEEDBACK' is disabled.
2018-08-08 20:25:37 30656 [Note] Server socket created on IP: '::'.
2018-08-08 20:25:37 30656 [ERROR] mysqld.exe: Table '.\mysql\user' is marked as crashed and should be repaired
2018-08-08 20:25:37 30656 [Warning] Checking table:   '.\mysql\user'
2018-08-08 20:25:37 30656 [ERROR] mysql.user: 1 client is using or hasn't closed the table properly
2018-08-08 20:25:37 30656 [Note] d:\xampp\mysql\bin\mysqld.exe: ready for connections.
Version: '10.1.34-MariaDB'  socket: ''  port: 3306  mariadb.org binary distribution
2018-08-08 21:06:38 67fc InnoDB: Warning: Using innodb_additional_mem_pool_size is DEPRECATED. This option may be removed in future releases, together with the option innodb_use_sys_malloc and with the InnoDB's internal memory allocator.
2018-08-08 21:06:38 26620 [Note] InnoDB: innodb_empty_free_list_algorithm has been changed to legacy because of small buffer pool size. In order to use backoff, increase buffer pool at least up to 20MB.

2018-08-08 21:06:38 26620 [Note] InnoDB: Using mutexes to ref count buffer pool pages
2018-08-08 21:06:38 26620 [Note] InnoDB: The InnoDB memory heap is disabled
2018-08-08 21:06:38 26620 [Note] InnoDB: Mutexes and rw_locks use Windows interlocked functions
2018-08-08 21:06:38 26620 [Note] InnoDB: _mm_lfence() and _mm_sfence() are used for memory barrier
2018-08-08 21:06:38 26620 [Note] InnoDB: Compressed tables use zlib 1.2.3
2018-08-08 21:06:38 26620 [Note] InnoDB: Using generic crc32 instructions
2018-08-08 21:06:38 26620 [Note] InnoDB: Initializing buffer pool, size = 16.0M
2018-08-08 21:06:38 26620 [Note] InnoDB: Completed initialization of buffer pool
2018-08-08 21:06:38 26620 [Note] InnoDB: Highest supported file format is Barracuda.
2018-08-08 21:06:38 26620 [Note] InnoDB: The log sequence number 1835037 in ibdata file do not match the log sequence number 1869012 in the ib_logfiles!
2018-08-08 21:06:38 26620 [Note] InnoDB: Restoring possible half-written data pages from the doublewrite buffer...
2018-08-08 21:06:38 26620 [Note] InnoDB: 128 rollback segment(s) are active.
2018-08-08 21:06:38 26620 [Note] InnoDB: Waiting for purge to start
2018-08-08 21:06:38 26620 [Note] InnoDB:  Percona XtraDB (http://www.percona.com) 5.6.39-83.1 started; log sequence number 1869012
2018-08-08 21:06:38 23444 [Note] InnoDB: Dumping buffer pool(s) not yet started
2018-08-08 21:06:38 26620 [Note] Plugin 'FEEDBACK' is disabled.
2018-08-08 21:06:38 26620 [Note] Server socket created on IP: '::'.
2018-08-08 21:06:38 26620 [Note] d:\xampp\mysql\bin\mysqld.exe: ready for connections.
Version: '10.1.34-MariaDB'  socket: ''  port: 3306  mariadb.org binary distribution
