21:57:54  [main] 	Initializing Control Panel
21:57:54  [main] 	Windows Version:  Enterprise  64-bit
21:57:54  [main] 	XAMPP Version: 7.2.7
21:57:54  [main] 	Control Panel Version: 3.2.2  [ Compiled: Nov 12th 2015 ]
21:57:54  [main] 	You are not running with administrator rights! This will work for
21:57:54  [main] 	most application stuff but whenever you do something with services
21:57:54  [main] 	there will be a security dialogue or things will break! So think 
21:57:54  [main] 	about running this application with administrator rights!
21:57:54  [main] 	XAMPP Installation Directory: "d:\xampp\"
21:57:54  [main] 	Checking for prerequisites
21:57:54  [main] 	All prerequisites found
21:57:54  [main] 	Initializing Modules
21:57:54  [main] 	Starting Check-Timer
21:57:54  [main] 	Control Panel Ready
21:58:00  [Apache] 	Attempting to start Apache app...
21:58:00  [Apache] 	Status change detected: running
21:58:01  [mysql] 	Attempting to start MySQL app...
21:58:01  [mysql] 	Status change detected: running
22:26:10  [main] 	Executing "d:\xampp\"
22:28:09  [main] 	Executing "d:\xampp\"
23:56:34  [Apache] 	Attempting to stop Apache (PID: 8004)
23:56:34  [Apache] 	Attempting to stop Apache (PID: 23032)
23:56:34  [Apache] 	Status change detected: stopped
23:56:34  [mysql] 	Attempting to stop MySQL app...
23:56:34  [mysql] 	Status change detected: stopped
23:56:40  [main] 	Deinitializing Modules
23:56:40  [main] 	Deinitializing Control Panel

20:25:34  [main] 	Initializing Control Panel
20:25:34  [main] 	Windows Version:  Enterprise  64-bit
20:25:34  [main] 	XAMPP Version: 7.2.7
20:25:34  [main] 	Control Panel Version: 3.2.2  [ Compiled: Nov 12th 2015 ]
20:25:34  [main] 	You are not running with administrator rights! This will work for
20:25:34  [main] 	most application stuff but whenever you do something with services
20:25:34  [main] 	there will be a security dialogue or things will break! So think 
20:25:34  [main] 	about running this application with administrator rights!
20:25:34  [main] 	XAMPP Installation Directory: "d:\xampp\"
20:25:34  [main] 	Checking for prerequisites
20:25:35  [main] 	All prerequisites found
20:25:35  [main] 	Initializing Modules
20:25:35  [main] 	Starting Check-Timer
20:25:35  [main] 	Control Panel Ready
20:25:36  [Apache] 	Attempting to start Apache app...
20:25:36  [Apache] 	Status change detected: running
20:25:36  [mysql] 	Attempting to start MySQL app...
20:25:37  [mysql] 	Status change detected: running
20:47:31  [mysql] 	Attempting to stop MySQL app...
20:47:32  [mysql] 	Status change detected: stopped
20:47:34  [Apache] 	Attempting to stop Apache (PID: 28708)
20:47:34  [Apache] 	Attempting to stop Apache (PID: 13896)
20:47:34  [Apache] 	Status change detected: stopped
20:47:36  [main] 	Deinitializing Modules
20:47:36  [main] 	Deinitializing Control Panel

