[Tue Aug 07 21:57:36.853475 2018] [ssl:warn] [pid 16000:tid 664] AH01909: www.example.com:443:0 server certificate does NOT include an ID which matches the server name
[Tue Aug 07 21:57:36.888381 2018] [ssl:warn] [pid 16000:tid 664] AH01909: www.example.com:443:0 server certificate does NOT include an ID which matches the server name
[Tue Aug 07 21:57:36.912340 2018] [mpm_winnt:notice] [pid 16000:tid 664] AH00455: Apache/2.4.33 (Win32) OpenSSL/1.1.0h PHP/7.2.7 configured -- resuming normal operations
[Tue Aug 07 21:57:36.912340 2018] [mpm_winnt:notice] [pid 16000:tid 664] AH00456: Apache Lounge VC15 Server built: Mar 28 2018 12:12:41
[Tue Aug 07 21:57:36.912340 2018] [core:notice] [pid 16000:tid 664] AH00094: Command line: 'D:\\XAMPP\\apache\\bin\\httpd.exe -d D:/XAMPP/apache'
[Tue Aug 07 21:57:36.916332 2018] [mpm_winnt:notice] [pid 16000:tid 664] AH00418: Parent: Created child process 21456
[Tue Aug 07 21:57:37.277376 2018] [ssl:warn] [pid 21456:tid 636] AH01909: www.example.com:443:0 server certificate does NOT include an ID which matches the server name
[Tue Aug 07 21:57:37.299282 2018] [ssl:warn] [pid 21456:tid 636] AH01909: www.example.com:443:0 server certificate does NOT include an ID which matches the server name
[Tue Aug 07 21:57:37.319230 2018] [mpm_winnt:notice] [pid 21456:tid 636] AH00354: Child: Starting 150 worker threads.
[Tue Aug 07 21:58:01.003810 2018] [ssl:warn] [pid 8004:tid 712] AH01909: www.example.com:443:0 server certificate does NOT include an ID which matches the server name
[Tue Aug 07 21:58:01.027755 2018] [ssl:warn] [pid 8004:tid 712] AH01909: www.example.com:443:0 server certificate does NOT include an ID which matches the server name
[Tue Aug 07 21:58:01.045698 2018] [mpm_winnt:notice] [pid 8004:tid 712] AH00455: Apache/2.4.33 (Win32) OpenSSL/1.1.0h PHP/7.2.7 configured -- resuming normal operations
[Tue Aug 07 21:58:01.045698 2018] [mpm_winnt:notice] [pid 8004:tid 712] AH00456: Apache Lounge VC15 Server built: Mar 28 2018 12:12:41
[Tue Aug 07 21:58:01.045698 2018] [core:notice] [pid 8004:tid 712] AH00094: Command line: 'd:\\xampp\\apache\\bin\\httpd.exe -d D:/XAMPP/apache'
[Tue Aug 07 21:58:01.047693 2018] [mpm_winnt:notice] [pid 8004:tid 712] AH00418: Parent: Created child process 23032
[Tue Aug 07 21:58:01.556306 2018] [ssl:warn] [pid 23032:tid 736] AH01909: www.example.com:443:0 server certificate does NOT include an ID which matches the server name
[Tue Aug 07 21:58:01.585228 2018] [ssl:warn] [pid 23032:tid 736] AH01909: www.example.com:443:0 server certificate does NOT include an ID which matches the server name
[Tue Aug 07 21:58:01.606173 2018] [mpm_winnt:notice] [pid 23032:tid 736] AH00354: Child: Starting 150 worker threads.
[Tue Aug 07 22:27:44.973732 2018] [php7:error] [pid 23032:tid 1924] [client ::1:52854] PHP Fatal error:  Uncaught Error: Call to undefined function mysql_connect() in D:\\XAMPP\\htdocs\\TP-PHP\\home\\logIn.php:8\nStack trace:\n#0 {main}\n  thrown in D:\\XAMPP\\htdocs\\TP-PHP\\home\\logIn.php on line 8, referer: http://localhost/TP-PHP/home/index.php
[Tue Aug 07 22:37:54.091119 2018] [php7:warn] [pid 23032:tid 1936] [client ::1:53002] PHP Warning:  mysqli::__construct(): (HY000/1045): Access denied for user 'zen'@'localhost' (using password: YES) in D:\\XAMPP\\htdocs\\index.php on line 19
[Tue Aug 07 22:48:42.543937 2018] [php7:error] [pid 23032:tid 1924] [client ::1:53437] PHP Fatal error:  Uncaught Error: Call to undefined function mysql_connect() in D:\\XAMPP\\htdocs\\TP-PHP\\home\\logIn.php:8\nStack trace:\n#0 {main}\n  thrown in D:\\XAMPP\\htdocs\\TP-PHP\\home\\logIn.php on line 8, referer: http://localhost/TP-PHP/home/index.php
[Tue Aug 07 22:48:47.919241 2018] [php7:warn] [pid 23032:tid 1916] [client ::1:53438] PHP Warning:  mysqli::__construct(): (HY000/1049): Unknown database 'users' in D:\\XAMPP\\htdocs\\index.php on line 19
[Tue Aug 07 22:48:47.919241 2018] [php7:error] [pid 23032:tid 1916] [client ::1:53438] PHP Fatal error:  Uncaught Error: Call to undefined function start_session() in D:\\XAMPP\\htdocs\\index.php:20\nStack trace:\n#0 {main}\n  thrown in D:\\XAMPP\\htdocs\\index.php on line 20
[Tue Aug 07 23:00:16.655098 2018] [php7:error] [pid 23032:tid 1916] [client ::1:53707] PHP Fatal error:  Uncaught Error: Call to undefined function start_session() in D:\\XAMPP\\htdocs\\index.php:20\nStack trace:\n#0 {main}\n  thrown in D:\\XAMPP\\htdocs\\index.php on line 20
[Tue Aug 07 23:07:15.763992 2018] [php7:notice] [pid 23032:tid 1916] [client ::1:53779] PHP Notice:  Undefined variable: mysqli in D:\\XAMPP\\htdocs\\TP-PHP\\home\\logIn.php on line 4, referer: http://localhost/TP-PHP/home/
[Tue Aug 07 23:07:15.763992 2018] [php7:error] [pid 23032:tid 1916] [client ::1:53779] PHP Fatal error:  Uncaught Error: Call to a member function query() on null in D:\\XAMPP\\htdocs\\TP-PHP\\home\\logIn.php:4\nStack trace:\n#0 {main}\n  thrown in D:\\XAMPP\\htdocs\\TP-PHP\\home\\logIn.php on line 4, referer: http://localhost/TP-PHP/home/
[Tue Aug 07 23:10:00.979727 2018] [php7:notice] [pid 23032:tid 1924] [client ::1:53799] PHP Notice:  Trying to get property 'num_rows' of non-object in D:\\XAMPP\\htdocs\\TP-PHP\\home\\logIn.php on line 11, referer: http://localhost/TP-PHP/home/
[Tue Aug 07 23:10:02.237186 2018] [php7:notice] [pid 23032:tid 1924] [client ::1:53799] PHP Notice:  Trying to get property 'num_rows' of non-object in D:\\XAMPP\\htdocs\\TP-PHP\\home\\logIn.php on line 11, referer: http://localhost/TP-PHP/home/index.php
[Tue Aug 07 23:10:02.891000 2018] [php7:notice] [pid 23032:tid 1924] [client ::1:53799] PHP Notice:  Trying to get property 'num_rows' of non-object in D:\\XAMPP\\htdocs\\TP-PHP\\home\\logIn.php on line 11, referer: http://localhost/TP-PHP/home/index.php
[Tue Aug 07 23:10:03.677352 2018] [php7:notice] [pid 23032:tid 1924] [client ::1:53799] PHP Notice:  Trying to get property 'num_rows' of non-object in D:\\XAMPP\\htdocs\\TP-PHP\\home\\logIn.php on line 11, referer: http://localhost/TP-PHP/home/index.php
[Tue Aug 07 23:15:10.398319 2018] [php7:notice] [pid 23032:tid 1916] [client ::1:54064] PHP Notice:  Undefined variable: _SESSION in D:\\XAMPP\\htdocs\\TP-PHP\\home\\index.php on line 17
[Tue Aug 07 23:15:10.398319 2018] [php7:notice] [pid 23032:tid 1916] [client ::1:54064] PHP Notice:  Undefined variable: _SESSION in D:\\XAMPP\\htdocs\\TP-PHP\\home\\index.php on line 18
[Tue Aug 07 23:15:10.398319 2018] [php7:warn] [pid 23032:tid 1916] [client ::1:54064] PHP Warning:  session_destroy(): Trying to destroy uninitialized session in D:\\XAMPP\\htdocs\\TP-PHP\\home\\index.php on line 19
[Tue Aug 07 23:15:43.081360 2018] [php7:notice] [pid 23032:tid 1944] [client ::1:54111] PHP Notice:  Undefined variable: _SESSION in D:\\XAMPP\\htdocs\\TP-PHP\\home\\index.php on line 17
[Tue Aug 07 23:15:43.081360 2018] [php7:notice] [pid 23032:tid 1944] [client ::1:54111] PHP Notice:  Undefined variable: _SESSION in D:\\XAMPP\\htdocs\\TP-PHP\\home\\index.php on line 18
[Tue Aug 07 23:15:43.082384 2018] [php7:warn] [pid 23032:tid 1944] [client ::1:54111] PHP Warning:  session_destroy(): Trying to destroy uninitialized session in D:\\XAMPP\\htdocs\\TP-PHP\\home\\index.php on line 19
[Tue Aug 07 23:15:43.781549 2018] [php7:notice] [pid 23032:tid 1944] [client ::1:54111] PHP Notice:  Undefined variable: _SESSION in D:\\XAMPP\\htdocs\\TP-PHP\\home\\index.php on line 17
[Tue Aug 07 23:15:43.781549 2018] [php7:notice] [pid 23032:tid 1944] [client ::1:54111] PHP Notice:  Undefined variable: _SESSION in D:\\XAMPP\\htdocs\\TP-PHP\\home\\index.php on line 18
[Tue Aug 07 23:15:43.781549 2018] [php7:warn] [pid 23032:tid 1944] [client ::1:54111] PHP Warning:  session_destroy(): Trying to destroy uninitialized session in D:\\XAMPP\\htdocs\\TP-PHP\\home\\index.php on line 19
[Tue Aug 07 23:15:44.234038 2018] [php7:notice] [pid 23032:tid 1944] [client ::1:54111] PHP Notice:  Undefined variable: _SESSION in D:\\XAMPP\\htdocs\\TP-PHP\\home\\index.php on line 17
[Tue Aug 07 23:15:44.234038 2018] [php7:notice] [pid 23032:tid 1944] [client ::1:54111] PHP Notice:  Undefined variable: _SESSION in D:\\XAMPP\\htdocs\\TP-PHP\\home\\index.php on line 18
[Tue Aug 07 23:15:44.234038 2018] [php7:warn] [pid 23032:tid 1944] [client ::1:54111] PHP Warning:  session_destroy(): Trying to destroy uninitialized session in D:\\XAMPP\\htdocs\\TP-PHP\\home\\index.php on line 19
[Tue Aug 07 23:15:48.330958 2018] [php7:notice] [pid 23032:tid 1944] [client ::1:54111] PHP Notice:  Undefined variable: _SESSION in D:\\XAMPP\\htdocs\\TP-PHP\\home\\index.php on line 17
[Tue Aug 07 23:15:48.330958 2018] [php7:notice] [pid 23032:tid 1944] [client ::1:54111] PHP Notice:  Undefined variable: _SESSION in D:\\XAMPP\\htdocs\\TP-PHP\\home\\index.php on line 18
[Tue Aug 07 23:15:48.330958 2018] [php7:warn] [pid 23032:tid 1944] [client ::1:54111] PHP Warning:  session_destroy(): Trying to destroy uninitialized session in D:\\XAMPP\\htdocs\\TP-PHP\\home\\index.php on line 19
[Tue Aug 07 23:15:56.231150 2018] [php7:notice] [pid 23032:tid 1916] [client ::1:54136] PHP Notice:  Undefined variable: _SESSION in D:\\XAMPP\\htdocs\\TP-PHP\\home\\index.php on line 17
[Tue Aug 07 23:15:56.231150 2018] [php7:notice] [pid 23032:tid 1916] [client ::1:54136] PHP Notice:  Undefined variable: _SESSION in D:\\XAMPP\\htdocs\\TP-PHP\\home\\index.php on line 18
[Tue Aug 07 23:15:56.231150 2018] [php7:warn] [pid 23032:tid 1916] [client ::1:54136] PHP Warning:  session_destroy(): Trying to destroy uninitialized session in D:\\XAMPP\\htdocs\\TP-PHP\\home\\index.php on line 19
[Tue Aug 07 23:15:57.178962 2018] [php7:notice] [pid 23032:tid 1916] [client ::1:54136] PHP Notice:  Undefined variable: _SESSION in D:\\XAMPP\\htdocs\\TP-PHP\\home\\index.php on line 17
[Tue Aug 07 23:15:57.178962 2018] [php7:notice] [pid 23032:tid 1916] [client ::1:54136] PHP Notice:  Undefined variable: _SESSION in D:\\XAMPP\\htdocs\\TP-PHP\\home\\index.php on line 18
[Tue Aug 07 23:15:57.178962 2018] [php7:warn] [pid 23032:tid 1916] [client ::1:54136] PHP Warning:  session_destroy(): Trying to destroy uninitialized session in D:\\XAMPP\\htdocs\\TP-PHP\\home\\index.php on line 19
[Tue Aug 07 23:16:00.139190 2018] [php7:notice] [pid 23032:tid 1916] [client ::1:54136] PHP Notice:  Undefined variable: _SESSION in D:\\XAMPP\\htdocs\\TP-PHP\\home\\index.php on line 17
[Tue Aug 07 23:16:00.139190 2018] [php7:notice] [pid 23032:tid 1916] [client ::1:54136] PHP Notice:  Undefined variable: _SESSION in D:\\XAMPP\\htdocs\\TP-PHP\\home\\index.php on line 18
[Tue Aug 07 23:16:00.139190 2018] [php7:warn] [pid 23032:tid 1916] [client ::1:54136] PHP Warning:  session_destroy(): Trying to destroy uninitialized session in D:\\XAMPP\\htdocs\\TP-PHP\\home\\index.php on line 19
[Tue Aug 07 23:16:17.148656 2018] [php7:notice] [pid 23032:tid 1944] [client ::1:54173] PHP Notice:  Undefined variable: _SESSION in D:\\XAMPP\\htdocs\\TP-PHP\\home\\index.php on line 17
[Tue Aug 07 23:16:17.148656 2018] [php7:notice] [pid 23032:tid 1944] [client ::1:54173] PHP Notice:  Undefined variable: _SESSION in D:\\XAMPP\\htdocs\\TP-PHP\\home\\index.php on line 18
[Tue Aug 07 23:16:17.148656 2018] [php7:warn] [pid 23032:tid 1944] [client ::1:54173] PHP Warning:  session_destroy(): Trying to destroy uninitialized session in D:\\XAMPP\\htdocs\\TP-PHP\\home\\index.php on line 19
[Tue Aug 07 23:16:34.074263 2018] [php7:notice] [pid 23032:tid 1916] [client ::1:54200] PHP Notice:  Undefined variable: _SESSION in D:\\XAMPP\\htdocs\\TP-PHP\\home\\index.php on line 17
[Tue Aug 07 23:16:34.074263 2018] [php7:notice] [pid 23032:tid 1916] [client ::1:54200] PHP Notice:  Undefined variable: _SESSION in D:\\XAMPP\\htdocs\\TP-PHP\\home\\index.php on line 18
[Tue Aug 07 23:16:34.075285 2018] [php7:warn] [pid 23032:tid 1916] [client ::1:54200] PHP Warning:  session_destroy(): Trying to destroy uninitialized session in D:\\XAMPP\\htdocs\\TP-PHP\\home\\index.php on line 19
[Tue Aug 07 23:16:41.984939 2018] [php7:notice] [pid 23032:tid 1944] [client ::1:54201] PHP Notice:  Undefined variable: _SESSION in D:\\XAMPP\\htdocs\\TP-PHP\\home\\index.php on line 17
[Tue Aug 07 23:16:41.984939 2018] [php7:notice] [pid 23032:tid 1944] [client ::1:54201] PHP Notice:  Undefined variable: _SESSION in D:\\XAMPP\\htdocs\\TP-PHP\\home\\index.php on line 18
[Tue Aug 07 23:16:41.985936 2018] [php7:warn] [pid 23032:tid 1944] [client ::1:54201] PHP Warning:  session_destroy(): Trying to destroy uninitialized session in D:\\XAMPP\\htdocs\\TP-PHP\\home\\index.php on line 19
[Tue Aug 07 23:20:42.211707 2018] [php7:crit] [pid 23032:tid 1944] [client ::1:54566] PHP Parse error:  syntax error, unexpected '==' (T_IS_EQUAL), expecting :: (T_PAAMAYIM_NEKUDOTAYIM) in D:\\XAMPP\\htdocs\\TP-PHP\\home\\logIn.php on line 23, referer: http://localhost/TP-PHP/home/
[Tue Aug 07 23:21:25.982896 2018] [php7:notice] [pid 23032:tid 1944] [client ::1:54639] PHP Notice:  Undefined index: userType in D:\\XAMPP\\htdocs\\TP-PHP\\home\\logIn.php on line 3, referer: http://localhost/TP-PHP/home/index.php
[Tue Aug 07 23:21:25.983894 2018] [php7:notice] [pid 23032:tid 1944] [client ::1:54639] PHP Notice:  Trying to get property 'num_rows' of non-object in D:\\XAMPP\\htdocs\\TP-PHP\\home\\logIn.php on line 15, referer: http://localhost/TP-PHP/home/index.php
[Tue Aug 07 23:24:37.566650 2018] [php7:notice] [pid 23032:tid 1916] [client ::1:54944] PHP Notice:  Undefined index: userType in D:\\XAMPP\\htdocs\\TP-PHP\\home\\index.php on line 21
[Tue Aug 07 23:26:25.652704 2018] [php7:error] [pid 23032:tid 1944] [client ::1:55116] PHP Recoverable fatal error:  Object of class mysqli_result could not be converted to string in D:\\XAMPP\\htdocs\\TP-PHP\\home\\logIn.php on line 15, referer: http://localhost/TP-PHP/home/index.php
[Tue Aug 07 23:27:45.374263 2018] [php7:notice] [pid 23032:tid 1944] [client ::1:55220] PHP Notice:  Trying to get property 'num_rows' of non-object in D:\\XAMPP\\htdocs\\TP-PHP\\home\\logIn.php on line 16, referer: http://localhost/TP-PHP/home/index.php
[Tue Aug 07 23:28:28.150970 2018] [php7:notice] [pid 23032:tid 1944] [client ::1:55289] PHP Notice:  Trying to get property 'num_rows' of non-object in D:\\XAMPP\\htdocs\\TP-PHP\\home\\logIn.php on line 18, referer: http://localhost/TP-PHP/home/
[Tue Aug 07 23:30:00.228227 2018] [php7:notice] [pid 23032:tid 1916] [client ::1:55485] PHP Notice:  Trying to get property 'num_rows' of non-object in D:\\XAMPP\\htdocs\\TP-PHP\\home\\logIn.php on line 18, referer: http://localhost/TP-PHP/home/index.php
[Tue Aug 07 23:31:05.866910 2018] [php7:notice] [pid 23032:tid 1944] [client ::1:55591] PHP Notice:  Trying to get property 'num_rows' of non-object in D:\\XAMPP\\htdocs\\TP-PHP\\home\\logIn.php on line 18, referer: http://localhost/TP-PHP/home/index.php
[Tue Aug 07 23:32:18.297598 2018] [php7:notice] [pid 23032:tid 1916] [client ::1:55693] PHP Notice:  Trying to get property 'num_rows' of non-object in D:\\XAMPP\\htdocs\\TP-PHP\\home\\logIn.php on line 18, referer: http://localhost/TP-PHP/home/index.php
[Tue Aug 07 23:32:20.605684 2018] [php7:notice] [pid 23032:tid 1916] [client ::1:55693] PHP Notice:  Undefined index: login in D:\\XAMPP\\htdocs\\TP-PHP\\home\\logIn.php on line 2
[Tue Aug 07 23:32:20.616721 2018] [php7:notice] [pid 23032:tid 1916] [client ::1:55693] PHP Notice:  Undefined index: login in D:\\XAMPP\\htdocs\\TP-PHP\\home\\logIn.php on line 14
[Tue Aug 07 23:32:20.616721 2018] [php7:notice] [pid 23032:tid 1916] [client ::1:55693] PHP Notice:  Undefined index: password in D:\\XAMPP\\htdocs\\TP-PHP\\home\\logIn.php on line 15
[Tue Aug 07 23:32:20.616721 2018] [php7:notice] [pid 23032:tid 1916] [client ::1:55693] PHP Notice:  Trying to get property 'num_rows' of non-object in D:\\XAMPP\\htdocs\\TP-PHP\\home\\logIn.php on line 18
[Tue Aug 07 23:32:28.465368 2018] [php7:notice] [pid 23032:tid 1916] [client ::1:55693] PHP Notice:  Trying to get property 'num_rows' of non-object in D:\\XAMPP\\htdocs\\TP-PHP\\home\\logIn.php on line 18, referer: http://localhost/TP-PHP/home/index.php
[Tue Aug 07 23:32:39.482994 2018] [php7:notice] [pid 23032:tid 1944] [client ::1:55735] PHP Notice:  Trying to get property 'num_rows' of non-object in D:\\XAMPP\\htdocs\\TP-PHP\\home\\logIn.php on line 18, referer: http://localhost/TP-PHP/home/index.php
[Tue Aug 07 23:33:06.963626 2018] [php7:notice] [pid 23032:tid 1944] [client ::1:55777] PHP Notice:  Undefined variable: _SESSION in D:\\XAMPP\\htdocs\\TP-PHP\\home\\index.php on line 14, referer: http://localhost/TP-PHP/home/index.php
[Tue Aug 07 23:33:22.672519 2018] [php7:notice] [pid 23032:tid 1916] [client ::1:55802] PHP Notice:  Undefined index: login in D:\\XAMPP\\htdocs\\TP-PHP\\home\\index.php on line 16, referer: http://localhost/TP-PHP/home/index.php
[Tue Aug 07 23:35:18.711625 2018] [php7:notice] [pid 23032:tid 1944] [client ::1:55964] PHP Notice:  Undefined index: login in D:\\XAMPP\\htdocs\\TP-PHP\\home\\index.php on line 16, referer: http://localhost/TP-PHP/home/index.php
[Tue Aug 07 23:37:18.764449 2018] [php7:error] [pid 23032:tid 1916] [client ::1:56167] PHP Recoverable fatal error:  Object of class mysqli_result could not be converted to string in D:\\XAMPP\\htdocs\\TP-PHP\\home\\logIn.php on line 17, referer: http://localhost/TP-PHP/home/
[Tue Aug 07 23:37:34.234026 2018] [php7:error] [pid 23032:tid 1944] [client ::1:56208] PHP Recoverable fatal error:  Object of class mysqli_result could not be converted to string in D:\\XAMPP\\htdocs\\TP-PHP\\home\\logIn.php on line 17, referer: http://localhost/TP-PHP/home/
[Tue Aug 07 23:37:41.589177 2018] [php7:error] [pid 23032:tid 1944] [client ::1:56208] PHP Recoverable fatal error:  Object of class mysqli_result could not be converted to string in D:\\XAMPP\\htdocs\\TP-PHP\\home\\logIn.php on line 17, referer: http://localhost/TP-PHP/home/
[Tue Aug 07 23:40:08.838278 2018] [php7:notice] [pid 23032:tid 1916] [client ::1:56427] PHP Notice:  Trying to get property 'num_rows' of non-object in D:\\XAMPP\\htdocs\\TP-PHP\\home\\logIn.php on line 18, referer: http://localhost/TP-PHP/home/
[Tue Aug 07 23:40:08.838278 2018] [php7:notice] [pid 23032:tid 1916] [client ::1:56427] PHP Notice:  Trying to get property 'num_rows' of non-object in D:\\XAMPP\\htdocs\\TP-PHP\\home\\logIn.php on line 23, referer: http://localhost/TP-PHP/home/
